================================================================================
TEST EXECUTION REPORT
================================================================================

Start Time: 2025-12-19 12:58:32
End Time: 2025-12-19 12:59:23
Duration: 0:00:50.729200

TOTAL TESTS: 1
PASSED: 0
FAILED: 1
SKIPPED: 0

================================================================================
FAILED TESTS:
================================================================================
1. test_admin_can_create_a_new_firm_with_owner
   File: .venv\Lib\site-packages\pytest_bdd\scenario.py
   Line: 295
   Duration: 48.01s
   Error:
.venv\Lib\site-packages\_pytest\fixtures.py:915: in call_fixture_func
    fixture_result = fixturefunc(**kwargs)
                     ^^^^^^^^^^^^^^^^^^^^^
steps\maven_steps.py:2726: in step_click_add_firm_button
    assert context.button_clicked, f"Failed to click Add Firm button"
           ^^^^^^^^^^^^^^^^^^^^^^
E   AssertionError: Failed to click Add Firm button

