================================================================================
TEST EXECUTION REPORT
================================================================================

Start Time: 2025-12-30 11:48:07
End Time: 2025-12-30 11:49:54
Duration: 0:01:47.056469

TOTAL TESTS: 1
PASSED: 0
FAILED: 1
SKIPPED: 0

================================================================================
FAILED TESTS:
================================================================================
1. test_admin_can_create_a_new_firm_with_owner
   File: .venv\Lib\site-packages\pytest_bdd\scenario.py
   Line: 295
   Duration: 104.82s
   Error:
.venv\Lib\site-packages\_pytest\fixtures.py:915: in call_fixture_func
    fixture_result = fixturefunc(**kwargs)
                     ^^^^^^^^^^^^^^^^^^^^^
steps\maven_steps.py:2807: in step_click_add_firm_button
    assert context.button_clicked, f"Failed to click Add Firm button. Tried: {', '.join(button_texts)}"
           ^^^^^^^^^^^^^^^^^^^^^^
E   AssertionError: Failed to click Add Firm button. Tried: Add Firm, Add, Create Firm, New Firm

