================================================================================
TEST EXECUTION REPORT
================================================================================

Start Time: 2025-12-12 12:33:03
End Time: 2025-12-12 12:38:07
Duration: 0:05:03.950508

TOTAL TESTS: 7
PASSED: 3
FAILED: 4
SKIPPED: 0

================================================================================
PASSED TESTS:
================================================================================
1. test_admin_lands_on_admin_panel_dashboard__firms_view_by_default
   File: ..\..\AppData\Local\Programs\Python\Python312\Lib\site-packages\pytest_bdd\scenario.py
   Line: 266
   Duration: 6.61s

2. test_admin_can_access_firms_section_and_view_firms_list
   File: ..\..\AppData\Local\Programs\Python\Python312\Lib\site-packages\pytest_bdd\scenario.py
   Line: 266
   Duration: 13.99s

3. test_admin_can_access_users_section_and_view_users_list_readonly
   File: ..\..\AppData\Local\Programs\Python\Python312\Lib\site-packages\pytest_bdd\scenario.py
   Line: 266
   Duration: 12.94s

================================================================================
FAILED TESTS:
================================================================================
1. test_admin_users_can_navigate_to_dedicated_admin_portal_login_page
   File: ..\..\AppData\Local\Programs\Python\Python312\Lib\site-packages\pytest_bdd\scenario.py
   Line: 266
   Duration: 185.87s
   Error:
..\..\AppData\Local\Programs\Python\Python312\Lib\site-packages\_pytest\fixtures.py:902: in call_fixture_func
    fixture_result = fixturefunc(**kwargs)
steps\maven_steps.py:654: in step_see_email_input
    assert False, error_msg
E   AssertionError: Email input field not found

2. test_login_page_displays_email_and_password_fields
   File: ..\..\AppData\Local\Programs\Python\Python312\Lib\site-packages\pytest_bdd\scenario.py
   Line: 266
   Duration: 49.61s
   Error:
steps\maven_steps.py:1028: in step_see_email_with_label
    assert element and element.is_displayed(), f"Email field with label '{label1}' or '{label2}' not found"
E   AssertionError: Email field with label 'Email' or 'Email Address' not found

During handling of the above exception, another exception occurred:
..\..\AppData\Local\Programs\Python\Python312\Lib\site-packages\_pytest\fixtures.py:902: in call_fixture_func
    fixture_result = fixturefunc(**kwargs)
steps\maven_steps.py:1031: in step_see_email_with_label
    assert False, f"Email field with label '{label1}' or '{label2}' not found"
E   AssertionError: Email field with label 'Email' or 'Email Address' not found

3. test_forgot_password_link_redirects_to_password_reset_flow
   File: ..\..\AppData\Local\Programs\Python\Python312\Lib\site-packages\pytest_bdd\scenario.py
   Line: 266
   Duration: 31.51s
   Error:
..\..\AppData\Local\Programs\Python\Python312\Lib\site-packages\_pytest\fixtures.py:902: in call_fixture_func
    fixture_result = fixturefunc(**kwargs)
steps\maven_steps.py:1331: in step_redirected_to
    assert url_matches, \
E   AssertionError: Not redirected to password reset flow. Current URL: https://dev-admin.maventech.ai/firms. Expected patterns: ['reset', 'forgot', 'password', 'recover', 'forgot-password', 'password-reset', 'forgot_password']

4. test_firms_list_displays_all_required_columns
   File: ..\..\AppData\Local\Programs\Python\Python312\Lib\site-packages\pytest_bdd\scenario.py
   Line: 266
   Duration: 0.51s
   Error:
E   pytest_bdd.exceptions.StepDefinitionNotFoundError: Step definition is not found: Then "I should see a table with the following columns:
    | Column Name |
    | Firm Name |
    | Status |
    | Email |
    | Phone |
    | Website |
    | Date Created |
    | Actions |". Line 65 in scenario "Firms list displays all required columns" in the feature "C:\Users\wishma.khurram\work\Ant Design\features\maven_automation.feature"
All traceback entries are hidden. Pass `--full-trace` to see hidden and internal frames.

