================================================================================
TEST EXECUTION REPORT
================================================================================

Start Time: 2025-12-30 11:32:47
End Time: 2025-12-30 11:39:47
Duration: 0:06:59.423448

TOTAL TESTS: 1
PASSED: 0
FAILED: 1
SKIPPED: 0

================================================================================
FAILED TESTS:
================================================================================
1. test_admin_can_create_a_new_firm_with_owner
   File: .venv\Lib\site-packages\pytest_bdd\scenario.py
   Line: 295
   Duration: 416.87s
   Error:
.venv\Lib\site-packages\_pytest\fixtures.py:915: in call_fixture_func
    fixture_result = fixturefunc(**kwargs)
                     ^^^^^^^^^^^^^^^^^^^^^
steps\maven_steps.py:3478: in step_firm_status_should_be
    assert status_found, f"Firm status '{status}' not found on page"
           ^^^^^^^^^^^^
E   AssertionError: Firm status 'Pending' not found on page

