================================================================================
TEST EXECUTION REPORT
================================================================================

Start Time: 2025-12-30 12:39:13
End Time: 2025-12-30 12:40:31
Duration: 0:01:17.476025

TOTAL TESTS: 1
PASSED: 0
FAILED: 1
SKIPPED: 0

================================================================================
FAILED TESTS:
================================================================================
1. test_admin_can_create_a_new_firm_with_owner
   File: .venv\Lib\site-packages\pytest_bdd\scenario.py
   Line: 295
   Duration: 74.84s
   Error:
.venv\Lib\site-packages\_pytest\fixtures.py:915: in call_fixture_func
    fixture_result = fixturefunc(**kwargs)
                     ^^^^^^^^^^^^^^^^^^^^^
steps\maven_steps.py:2898: in step_fill_all_mandatory_fields
    raise AssertionError("No table data found! The Gherkin table must be provided in the feature file.")
E   AssertionError: No table data found! The Gherkin table must be provided in the feature file.

