================================================================================
TEST EXECUTION REPORT
================================================================================

Start Time: 2025-12-30 12:52:13
End Time: 2025-12-30 12:58:03
Duration: 0:05:49.943643

TOTAL TESTS: 11
PASSED: 5
FAILED: 6
SKIPPED: 0

================================================================================
PASSED TESTS:
================================================================================
1. test_admin_users_can_navigate_to_dedicated_admin_portal_login_page
   File: .venv\Lib\site-packages\pytest_bdd\scenario.py
   Line: 295
   Duration: 38.59s

2. test_login_page_displays_email_and_password_fields
   File: .venv\Lib\site-packages\pytest_bdd\scenario.py
   Line: 295
   Duration: 39.74s

3. test_forgot_password_link_redirects_to_password_reset_flow
   File: .venv\Lib\site-packages\pytest_bdd\scenario.py
   Line: 295
   Duration: 28.83s

4. test_empty_email_field_shows_validation_error
   File: .venv\Lib\site-packages\pytest_bdd\scenario.py
   Line: 295
   Duration: 52.03s

5. test_invalid_email_format_shows_validation_error
   File: .venv\Lib\site-packages\pytest_bdd\scenario.py
   Line: 295
   Duration: 52.23s

================================================================================
FAILED TESTS:
================================================================================
1. test_admin_can_successfully_log_in
   File: .venv\Lib\site-packages\pytest_bdd\scenario.py
   Line: 295
   Duration: 136.20s
   Error:
E   AssertionError: Failed to enter email 'wishma.khurram@rolustech.com' - tried all methods (auto, label, type, direct patterns)

2. test_admin_lands_on_admin_panel_dashboard__firms_view_by_default
   File: .venv\Lib\site-packages\pytest_bdd\scenario.py
   Line: 295
   Duration: 0.02s
   Error:
E   selenium.common.exceptions.InvalidSessionIdException: Message: invalid session id; For documentation on this error, please visit: https://www.selenium.dev/documentation/webdriver/troubleshooting/errors#invalidsessionidexception
    Stacktrace:
    Symbols not available. Dumping unresolved backtrace:
    	0x7ff6d17288e5
    	0x7ff6d1728940
    	0x7ff6d1501465
    	0x7ff6d1549d83
    	0x7ff6d1581ee2
    	0x7ff6d157c500
    	0x7ff6d157b6f0
    	0x7ff6d14cb325
    	0x7ff6d1a40640
    	0x7ff6d1a3af80
    	0x7ff6d1a596e6
    	0x7ff6d1745de4
    	0x7ff6d174ed8c
    	0x7ff6d14c9cb8
    	0x7ff6d1b9f008
    	0x7ffdc8107374
    	0x7ffdc8efcc91

3. test_admin_can_access_firms_section_and_view_firms_list
   File: .venv\Lib\site-packages\pytest_bdd\scenario.py
   Line: 295
   Duration: 0.02s
   Error:
E   selenium.common.exceptions.InvalidSessionIdException: Message: invalid session id; For documentation on this error, please visit: https://www.selenium.dev/documentation/webdriver/troubleshooting/errors#invalidsessionidexception
    Stacktrace:
    Symbols not available. Dumping unresolved backtrace:
    	0x7ff6d17288e5
    	0x7ff6d1728940
    	0x7ff6d1501465
    	0x7ff6d1549d83
    	0x7ff6d1581ee2
    	0x7ff6d157c500
    	0x7ff6d157b6f0
    	0x7ff6d14cb325
    	0x7ff6d1a40640
    	0x7ff6d1a3af80
    	0x7ff6d1a596e6
    	0x7ff6d1745de4
    	0x7ff6d174ed8c
    	0x7ff6d14c9cb8
    	0x7ff6d1b9f008
    	0x7ffdc8107374
    	0x7ffdc8efcc91

4. test_admin_can_access_users_section_and_view_users_list_readonly
   File: .venv\Lib\site-packages\pytest_bdd\scenario.py
   Line: 295
   Duration: 0.03s
   Error:
E   selenium.common.exceptions.InvalidSessionIdException: Message: invalid session id; For documentation on this error, please visit: https://www.selenium.dev/documentation/webdriver/troubleshooting/errors#invalidsessionidexception
    Stacktrace:
    Symbols not available. Dumping unresolved backtrace:
    	0x7ff6d17288e5
    	0x7ff6d1728940
    	0x7ff6d1501465
    	0x7ff6d1549d83
    	0x7ff6d1581ee2
    	0x7ff6d157c500
    	0x7ff6d157b6f0
    	0x7ff6d14cb325
    	0x7ff6d1a40640
    	0x7ff6d1a3af80
    	0x7ff6d1a596e6
    	0x7ff6d1745de4
    	0x7ff6d174ed8c
    	0x7ff6d14c9cb8
    	0x7ff6d1b9f008
    	0x7ffdc8107374
    	0x7ffdc8efcc91

5. test_firms_list_displays_all_required_columns
   File: .venv\Lib\site-packages\pytest_bdd\scenario.py
   Line: 295
   Duration: 0.03s
   Error:
E   selenium.common.exceptions.InvalidSessionIdException: Message: invalid session id; For documentation on this error, please visit: https://www.selenium.dev/documentation/webdriver/troubleshooting/errors#invalidsessionidexception
    Stacktrace:
    Symbols not available. Dumping unresolved backtrace:
    	0x7ff6d17288e5
    	0x7ff6d1728940
    	0x7ff6d1501465
    	0x7ff6d1549d83
    	0x7ff6d1581ee2
    	0x7ff6d157c500
    	0x7ff6d157b6f0
    	0x7ff6d14cb325
    	0x7ff6d1a40640
    	0x7ff6d1a3af80
    	0x7ff6d1a596e6
    	0x7ff6d1745de4
    	0x7ff6d174ed8c
    	0x7ff6d14c9cb8
    	0x7ff6d1b9f008
    	0x7ffdc8107374
    	0x7ffdc8efcc91

6. test_admin_can_create_a_new_firm_with_owner
   File: .venv\Lib\site-packages\pytest_bdd\scenario.py
   Line: 295
   Duration: 0.03s
   Error:
E   selenium.common.exceptions.InvalidSessionIdException: Message: invalid session id; For documentation on this error, please visit: https://www.selenium.dev/documentation/webdriver/troubleshooting/errors#invalidsessionidexception
    Stacktrace:
    Symbols not available. Dumping unresolved backtrace:
    	0x7ff6d17288e5
    	0x7ff6d1728940
    	0x7ff6d1501465
    	0x7ff6d1549d83
    	0x7ff6d1581ee2
    	0x7ff6d157c500
    	0x7ff6d157b6f0
    	0x7ff6d14cb325
    	0x7ff6d1a40640
    	0x7ff6d1a3af80
    	0x7ff6d1a596e6
    	0x7ff6d1745de4
    	0x7ff6d174ed8c
    	0x7ff6d14c9cb8
    	0x7ff6d1b9f008
    	0x7ffdc8107374
    	0x7ffdc8efcc91

