================================================================================
TEST EXECUTION REPORT
================================================================================

Start Time: 2026-01-02 10:41:37
End Time: 2026-01-02 10:47:13
Duration: 0:05:36.107323

TOTAL TESTS: 2
PASSED: 1
FAILED: 1
SKIPPED: 0

================================================================================
PASSED TESTS:
================================================================================
1. test_admin_can_successfully_log_in
   File: ..\..\..\..\AppData\Local\Programs\Python\Python312\Lib\site-packages\pytest_bdd\scenario.py
   Line: 266
   Duration: 69.39s

================================================================================
FAILED TESTS:
================================================================================
1. test_admin_can_create_a_new_firm_with_owner
   File: ..\..\..\..\AppData\Local\Programs\Python\Python312\Lib\site-packages\pytest_bdd\scenario.py
   Line: 266
   Duration: 264.34s
   Error:
E   pytest_bdd.exceptions.StepDefinitionNotFoundError: Step definition is not found: When "then i click "Create Firm" button". Line 39 in scenario "Admin can create a new firm with owner" in the feature "C:\Users\wishma.khurram\work\Ant Design\features\maven_automation.feature"
All traceback entries are hidden. Pass `--full-trace` to see hidden and internal frames.

