================================================================================
TEST EXECUTION REPORT
================================================================================

Start Time: 2025-12-12 14:33:03
End Time: 2025-12-12 14:36:53
Duration: 0:03:50.356255

TOTAL TESTS: 7
PASSED: 5
FAILED: 2
SKIPPED: 0

================================================================================
PASSED TESTS:
================================================================================
1. test_admin_users_can_navigate_to_dedicated_admin_portal_login_page
   File: ..\..\AppData\Local\Programs\Python\Python312\Lib\site-packages\pytest_bdd\scenario.py
   Line: 266
   Duration: 40.17s

2. test_login_page_displays_email_and_password_fields
   File: ..\..\AppData\Local\Programs\Python\Python312\Lib\site-packages\pytest_bdd\scenario.py
   Line: 266
   Duration: 38.64s

3. test_forgot_password_link_redirects_to_password_reset_flow
   File: ..\..\AppData\Local\Programs\Python\Python312\Lib\site-packages\pytest_bdd\scenario.py
   Line: 266
   Duration: 34.75s

4. test_admin_can_access_firms_section_and_view_firms_list
   File: ..\..\AppData\Local\Programs\Python\Python312\Lib\site-packages\pytest_bdd\scenario.py
   Line: 266
   Duration: 87.09s

5. test_admin_can_access_users_section_and_view_users_list_readonly
   File: ..\..\AppData\Local\Programs\Python\Python312\Lib\site-packages\pytest_bdd\scenario.py
   Line: 266
   Duration: 16.23s

================================================================================
FAILED TESTS:
================================================================================
1. test_admin_lands_on_admin_panel_dashboard__firms_view_by_default
   File: ..\..\AppData\Local\Programs\Python\Python312\Lib\site-packages\pytest_bdd\scenario.py
   Line: 266
   Duration: 6.54s
   Error:
..\..\AppData\Local\Programs\Python\Python312\Lib\site-packages\_pytest\fixtures.py:902: in call_fixture_func
    fixture_result = fixturefunc(**kwargs)
steps\maven_steps.py:2538: in step_should_be_on_firms_page_default
    assert 'firms' in current_url, f"Not on Firms list page. Current URL: {current_url}"
E   AssertionError: Not on Firms list page. Current URL: https://dev-admin.maventech.ai/login

2. test_firms_list_displays_all_required_columns
   File: ..\..\AppData\Local\Programs\Python\Python312\Lib\site-packages\pytest_bdd\scenario.py
   Line: 266
   Duration: 4.23s
   Error:
E   pytest_bdd.exceptions.StepDefinitionNotFoundError: Step definition is not found: Then "I should see a table with the following columns:
    | Column Name |
    | Firm Name |
    | Status |
    | Email |
    | Phone |
    | Website |
    | Date Created |
    | Actions |". Line 65 in scenario "Firms list displays all required columns" in the feature "C:\Users\wishma.khurram\work\Ant Design\features\maven_automation.feature"
All traceback entries are hidden. Pass `--full-trace` to see hidden and internal frames.

