================================================================================
TEST EXECUTION REPORT
================================================================================

Start Time: 2025-12-12 12:47:37
End Time: 2025-12-12 12:52:50
Duration: 0:05:12.490405

TOTAL TESTS: 7
PASSED: 3
FAILED: 4
SKIPPED: 0

================================================================================
PASSED TESTS:
================================================================================
1. test_admin_users_can_navigate_to_dedicated_admin_portal_login_page
   File: ..\..\AppData\Local\Programs\Python\Python312\Lib\site-packages\pytest_bdd\scenario.py
   Line: 266
   Duration: 39.51s

2. test_login_page_displays_email_and_password_fields
   File: ..\..\AppData\Local\Programs\Python\Python312\Lib\site-packages\pytest_bdd\scenario.py
   Line: 266
   Duration: 39.23s

3. test_forgot_password_link_redirects_to_password_reset_flow
   File: ..\..\AppData\Local\Programs\Python\Python312\Lib\site-packages\pytest_bdd\scenario.py
   Line: 266
   Duration: 2.96s

================================================================================
FAILED TESTS:
================================================================================
1. test_admin_lands_on_admin_panel_dashboard__firms_view_by_default
   File: ..\..\AppData\Local\Programs\Python\Python312\Lib\site-packages\pytest_bdd\scenario.py
   Line: 266
   Duration: 3.43s
   Error:
..\..\AppData\Local\Programs\Python\Python312\Lib\site-packages\_pytest\fixtures.py:902: in call_fixture_func
    fixture_result = fixturefunc(**kwargs)
steps\maven_steps.py:2538: in step_should_be_on_firms_page_default
    assert 'firms' in current_url, f"Not on Firms list page. Current URL: {current_url}"
E   AssertionError: Not on Firms list page. Current URL: https://dev-admin.maventech.ai/login

2. test_admin_can_access_firms_section_and_view_firms_list
   File: ..\..\AppData\Local\Programs\Python\Python312\Lib\site-packages\pytest_bdd\scenario.py
   Line: 266
   Duration: 111.84s
   Error:
..\..\AppData\Local\Programs\Python\Python312\Lib\site-packages\_pytest\fixtures.py:902: in call_fixture_func
    fixture_result = fixturefunc(**kwargs)
steps\button_steps.py:965: in step_click_navigation_section
    assert clicked, f"Failed to click navigation section '{section_name}' - tried all strategies (menu handler, button handler, pattern discovery, XPath)"
E   AssertionError: Failed to click navigation section 'Firms' - tried all strategies (menu handler, button handler, pattern discovery, XPath)

3. test_admin_can_access_users_section_and_view_users_list_readonly
   File: ..\..\AppData\Local\Programs\Python\Python312\Lib\site-packages\pytest_bdd\scenario.py
   Line: 266
   Duration: 111.75s
   Error:
..\..\AppData\Local\Programs\Python\Python312\Lib\site-packages\_pytest\fixtures.py:902: in call_fixture_func
    fixture_result = fixturefunc(**kwargs)
steps\button_steps.py:965: in step_click_navigation_section
    assert clicked, f"Failed to click navigation section '{section_name}' - tried all strategies (menu handler, button handler, pattern discovery, XPath)"
E   AssertionError: Failed to click navigation section 'Users' - tried all strategies (menu handler, button handler, pattern discovery, XPath)

4. test_firms_list_displays_all_required_columns
   File: ..\..\AppData\Local\Programs\Python\Python312\Lib\site-packages\pytest_bdd\scenario.py
   Line: 266
   Duration: 0.57s
   Error:
E   pytest_bdd.exceptions.StepDefinitionNotFoundError: Step definition is not found: Then "I should see a table with the following columns:
    | Column Name |
    | Firm Name |
    | Status |
    | Email |
    | Phone |
    | Website |
    | Date Created |
    | Actions |". Line 65 in scenario "Firms list displays all required columns" in the feature "C:\Users\wishma.khurram\work\Ant Design\features\maven_automation.feature"
All traceback entries are hidden. Pass `--full-trace` to see hidden and internal frames.

