================================================================================
TEST EXECUTION REPORT
================================================================================

Start Time: 2025-12-12 12:56:56
End Time: 2025-12-12 12:59:43
Duration: 0:02:47.329396

TOTAL TESTS: 7
PASSED: 3
FAILED: 4
SKIPPED: 0

================================================================================
PASSED TESTS:
================================================================================
1. test_admin_users_can_navigate_to_dedicated_admin_portal_login_page
   File: ..\..\AppData\Local\Programs\Python\Python312\Lib\site-packages\pytest_bdd\scenario.py
   Line: 266
   Duration: 37.79s

2. test_login_page_displays_email_and_password_fields
   File: ..\..\AppData\Local\Programs\Python\Python312\Lib\site-packages\pytest_bdd\scenario.py
   Line: 266
   Duration: 39.01s

3. test_forgot_password_link_redirects_to_password_reset_flow
   File: ..\..\AppData\Local\Programs\Python\Python312\Lib\site-packages\pytest_bdd\scenario.py
   Line: 266
   Duration: 34.86s

================================================================================
FAILED TESTS:
================================================================================
1. test_admin_lands_on_admin_panel_dashboard__firms_view_by_default
   File: ..\..\AppData\Local\Programs\Python\Python312\Lib\site-packages\pytest_bdd\scenario.py
   Line: 266
   Duration: 3.37s
   Error:
..\..\AppData\Local\Programs\Python\Python312\Lib\site-packages\_pytest\fixtures.py:902: in call_fixture_func
    fixture_result = fixturefunc(**kwargs)
steps\maven_steps.py:2538: in step_should_be_on_firms_page_default
    assert 'firms' in current_url, f"Not on Firms list page. Current URL: {current_url}"
E   AssertionError: Not on Firms list page. Current URL: https://dev-admin.maventech.ai/login

2. test_admin_can_access_firms_section_and_view_firms_list
   File: ..\..\AppData\Local\Programs\Python\Python312\Lib\site-packages\pytest_bdd\scenario.py
   Line: 266
   Duration: 48.93s
   Error:
..\..\AppData\Local\Programs\Python\Python312\Lib\site-packages\_pytest\fixtures.py:902: in call_fixture_func
    fixture_result = fixturefunc(**kwargs)
steps\button_steps.py:965: in step_click_navigation_section
    assert clicked, f"Failed to click navigation section '{section_name}' - tried all strategies (menu handler, button handler, pattern discovery, XPath)"
E   AssertionError: Failed to click navigation section 'Firms' - tried all strategies (menu handler, button handler, pattern discovery, XPath)

3. test_admin_can_access_users_section_and_view_users_list_readonly
   File: ..\..\AppData\Local\Programs\Python\Python312\Lib\site-packages\pytest_bdd\scenario.py
   Line: 266
   Duration: 0.01s
   Error:
..\..\AppData\Local\Programs\Python\Python312\Lib\site-packages\_pytest\fixtures.py:902: in call_fixture_func
    fixture_result = fixturefunc(**kwargs)
steps\maven_steps.py:172: in step_navigate_to_admin_portal_login
    context.driver.get(login_url)
..\..\AppData\Local\Programs\Python\Python312\Lib\site-packages\selenium\webdriver\remote\webdriver.py:356: in get
    self.execute(Command.GET, {"url": url})
..\..\AppData\Local\Programs\Python\Python312\Lib\site-packages\selenium\webdriver\remote\webdriver.py:347: in execute
    self.error_handler.check_response(response)
..\..\AppData\Local\Programs\Python\Python312\Lib\site-packages\selenium\webdriver\remote\errorhandler.py:229: in check_response
    raise exception_class(message, screen, stacktrace)
E   selenium.common.exceptions.InvalidSessionIdException: Message: invalid session id
E   Stacktrace:
E   Symbols not available. Dumping unresolved backtrace:
E   	0x7ff67cdda235
E   	0x7ff67cb32630
E   	0x7ff67c8c14e5
E   	0x7ff67c90a151
E   	0x7ff67c942a12
E   	0x7ff67c93d27c
E   	0x7ff67c93c46a
E   	0x7ff67c88acb5
E   	0x7ff67ce05d60
E   	0x7ff67cdffe8a
E   	0x7ff67ce21005
E   	0x7ff67cb4d71e
E   	0x7ff67cb54e1f
E   	0x7ff67c88977b
E   	0x7ff67cf545f8
E   	0x7ffa72747374
E   	0x7ffa735dcc91

4. test_firms_list_displays_all_required_columns
   File: ..\..\AppData\Local\Programs\Python\Python312\Lib\site-packages\pytest_bdd\scenario.py
   Line: 266
   Duration: 0.01s
   Error:
..\..\AppData\Local\Programs\Python\Python312\Lib\site-packages\_pytest\fixtures.py:902: in call_fixture_func
    fixture_result = fixturefunc(**kwargs)
steps\maven_steps.py:172: in step_navigate_to_admin_portal_login
    context.driver.get(login_url)
..\..\AppData\Local\Programs\Python\Python312\Lib\site-packages\selenium\webdriver\remote\webdriver.py:356: in get
    self.execute(Command.GET, {"url": url})
..\..\AppData\Local\Programs\Python\Python312\Lib\site-packages\selenium\webdriver\remote\webdriver.py:347: in execute
    self.error_handler.check_response(response)
..\..\AppData\Local\Programs\Python\Python312\Lib\site-packages\selenium\webdriver\remote\errorhandler.py:229: in check_response
    raise exception_class(message, screen, stacktrace)
E   selenium.common.exceptions.InvalidSessionIdException: Message: invalid session id
E   Stacktrace:
E   Symbols not available. Dumping unresolved backtrace:
E   	0x7ff67cdda235
E   	0x7ff67cb32630
E   	0x7ff67c8c14e5
E   	0x7ff67c90a151
E   	0x7ff67c942a12
E   	0x7ff67c93d27c
E   	0x7ff67c93c46a
E   	0x7ff67c88acb5
E   	0x7ff67ce05d60
E   	0x7ff67cdffe8a
E   	0x7ff67ce21005
E   	0x7ff67cb4d71e
E   	0x7ff67cb54e1f
E   	0x7ff67c88977b
E   	0x7ff67cf545f8
E   	0x7ffa72747374
E   	0x7ffa735dcc91

