================================================================================
TEST EXECUTION REPORT
================================================================================

Start Time: 2025-12-16 10:55:41
End Time: 2025-12-16 10:56:58
Duration: 0:01:16.719668

TOTAL TESTS: 1
PASSED: 0
FAILED: 1
SKIPPED: 0

================================================================================
FAILED TESTS:
================================================================================
1. test_admin_can_access_users_section_and_view_users_list_readonly
   File: .venv\Lib\site-packages\pytest_bdd\scenario.py
   Line: 295
   Duration: 74.30s
   Error:
E   pytest_bdd.exceptions.StepDefinitionNotFoundError: Step definition is not found: When "I click on the "Users" section in the navigation". Line 64 in scenario "Admin can access Users section and view users list (read-only)" in the feature "C:\Users\wishma.khurram\work\Ant Design\features\maven_automation.feature"
All traceback entries are hidden. Pass `--full-trace` to see hidden and internal frames.

