================================================================================
TEST EXECUTION REPORT
================================================================================

Start Time: 2025-12-12 11:10:15
End Time: 2025-12-12 11:12:00
Duration: 0:01:44.841061

TOTAL TESTS: 8
PASSED: 0
FAILED: 8
SKIPPED: 0

================================================================================
FAILED TESTS:
================================================================================
1. test_admin_users_can_navigate_to_dedicated_admin_portal_login_page
   File: ..\..\AppData\Local\Programs\Python\Python312\Lib\site-packages\pytest_bdd\scenario.py
   Line: 266
   Duration: 64.74s
   Error:
..\..\AppData\Local\Programs\Python\Python312\Lib\site-packages\_pytest\fixtures.py:585: in getfixturevalue
    fixturedef = self._get_active_fixturedef(argname)
..\..\AppData\Local\Programs\Python\Python312\Lib\site-packages\_pytest\fixtures.py:607: in _get_active_fixturedef
    self._compute_fixture_value(fixturedef)
..\..\AppData\Local\Programs\Python\Python312\Lib\site-packages\_pytest\fixtures.py:693: in _compute_fixture_value
    fixturedef.execute(request=subrequest)
..\..\AppData\Local\Programs\Python\Python312\Lib\site-packages\_pytest\fixtures.py:1069: in execute
    result = ihook.pytest_fixture_setup(fixturedef=self, request=request)
..\..\AppData\Local\Programs\Python\Python312\Lib\site-packages\pluggy\_hooks.py:512: in __call__
    return self._hookexec(self.name, self._hookimpls.copy(), kwargs, firstresult)
..\..\AppData\Local\Programs\Python\Python312\Lib\site-packages\pluggy\_manager.py:120: in _hookexec
    return self._inner_hookexec(hook_name, methods, kwargs, firstresult)
..\..\AppData\Local\Programs\Python\Python312\Lib\site-packages\pluggy\_callers.py:53: in run_old_style_hookwrapper
    return result.get_result()
..\..\AppData\Local\Programs\Python\Python312\Lib\site-packages\pluggy\_callers.py:38: in run_old_style_hookwrapper
    res = yield
..\..\AppData\Local\Programs\Python\Python312\Lib\site-packages\pluggy\_callers.py:53: in run_old_style_hookwrapper
    return result.get_result()
..\..\AppData\Local\Programs\Python\Python312\Lib\site-packages\pluggy\_callers.py:38: in run_old_style_hookwrapper
    res = yield
..\..\AppData\Local\Programs\Python\Python312\Lib\site-packages\_pytest\fixtures.py:1123: in pytest_fixture_setup
    result = call_fixture_func(fixturefunc, request, kwargs)
..\..\AppData\Local\Programs\Python\Python312\Lib\site-packages\_pytest\fixtures.py:895: in call_fixture_func
    fixture_result = next(generator)
conftest.py:221: in context
    _perform_login(driver)
conftest.py:140: in _perform_login
    if not button_handler.button_clicked:
E   AttributeError: 'ButtonHandler' object has no attribute 'button_clicked'

2. test_login_page_displays_email_and_password_fields
   File: ..\..\AppData\Local\Programs\Python\Python312\Lib\site-packages\pytest_bdd\scenario.py
   Line: 266
   Duration: 36.32s
   Error:
..\..\AppData\Local\Programs\Python\Python312\Lib\site-packages\_pytest\fixtures.py:902: in call_fixture_func
    fixture_result = fixturefunc(**kwargs)
steps\maven_steps.py:881: in step_see_button_or_alt
    assert False, error_msg
E   AssertionError: Button 'Log In' or 'Sign In' not found or not visible

3. test_forgot_password_link_redirects_to_password_reset_flow
   File: ..\..\AppData\Local\Programs\Python\Python312\Lib\site-packages\pytest_bdd\scenario.py
   Line: 266
   Duration: 0.01s
   Error:
..\..\AppData\Local\Programs\Python\Python312\Lib\site-packages\_pytest\fixtures.py:902: in call_fixture_func
    fixture_result = fixturefunc(**kwargs)
steps\maven_steps.py:172: in step_navigate_to_admin_portal_login
    context.driver.get(login_url)
..\..\AppData\Local\Programs\Python\Python312\Lib\site-packages\selenium\webdriver\remote\webdriver.py:356: in get
    self.execute(Command.GET, {"url": url})
..\..\AppData\Local\Programs\Python\Python312\Lib\site-packages\selenium\webdriver\remote\webdriver.py:347: in execute
    self.error_handler.check_response(response)
..\..\AppData\Local\Programs\Python\Python312\Lib\site-packages\selenium\webdriver\remote\errorhandler.py:229: in check_response
    raise exception_class(message, screen, stacktrace)
E   selenium.common.exceptions.InvalidSessionIdException: Message: invalid session id
E   Stacktrace:
E   Symbols not available. Dumping unresolved backtrace:
E   	0x7ff6cfcda235
E   	0x7ff6cfa32630
E   	0x7ff6cf7c14e5
E   	0x7ff6cf80a151
E   	0x7ff6cf842a12
E   	0x7ff6cf83d27c
E   	0x7ff6cf83c46a
E   	0x7ff6cf78acb5
E   	0x7ff6cfd05d60
E   	0x7ff6cfcffe8a
E   	0x7ff6cfd21005
E   	0x7ff6cfa4d71e
E   	0x7ff6cfa54e1f
E   	0x7ff6cf78977b
E   	0x7ff6cfe545f8
E   	0x7ffa72747374
E   	0x7ffa735dcc91

4. test_happy_case__successful_login_with_valid_credentials_and_redirect_to_firms_page
   File: ..\..\AppData\Local\Programs\Python\Python312\Lib\site-packages\pytest_bdd\scenario.py
   Line: 266
   Duration: 0.00s
   Error:
..\..\AppData\Local\Programs\Python\Python312\Lib\site-packages\_pytest\fixtures.py:585: in getfixturevalue
    fixturedef = self._get_active_fixturedef(argname)
..\..\AppData\Local\Programs\Python\Python312\Lib\site-packages\_pytest\fixtures.py:607: in _get_active_fixturedef
    self._compute_fixture_value(fixturedef)
..\..\AppData\Local\Programs\Python\Python312\Lib\site-packages\_pytest\fixtures.py:693: in _compute_fixture_value
    fixturedef.execute(request=subrequest)
..\..\AppData\Local\Programs\Python\Python312\Lib\site-packages\_pytest\fixtures.py:1069: in execute
    result = ihook.pytest_fixture_setup(fixturedef=self, request=request)
..\..\AppData\Local\Programs\Python\Python312\Lib\site-packages\pluggy\_hooks.py:512: in __call__
    return self._hookexec(self.name, self._hookimpls.copy(), kwargs, firstresult)
..\..\AppData\Local\Programs\Python\Python312\Lib\site-packages\pluggy\_manager.py:120: in _hookexec
    return self._inner_hookexec(hook_name, methods, kwargs, firstresult)
..\..\AppData\Local\Programs\Python\Python312\Lib\site-packages\pluggy\_callers.py:53: in run_old_style_hookwrapper
    return result.get_result()
..\..\AppData\Local\Programs\Python\Python312\Lib\site-packages\pluggy\_callers.py:38: in run_old_style_hookwrapper
    res = yield
..\..\AppData\Local\Programs\Python\Python312\Lib\site-packages\pluggy\_callers.py:53: in run_old_style_hookwrapper
    return result.get_result()
..\..\AppData\Local\Programs\Python\Python312\Lib\site-packages\pluggy\_callers.py:38: in run_old_style_hookwrapper
    res = yield
..\..\AppData\Local\Programs\Python\Python312\Lib\site-packages\_pytest\fixtures.py:1123: in pytest_fixture_setup
    result = call_fixture_func(fixturefunc, request, kwargs)
..\..\AppData\Local\Programs\Python\Python312\Lib\site-packages\_pytest\fixtures.py:895: in call_fixture_func
    fixture_result = next(generator)
conftest.py:218: in context
    current_url = driver.current_url.lower()
..\..\AppData\Local\Programs\Python\Python312\Lib\site-packages\selenium\webdriver\remote\webdriver.py:437: in current_url
    return self.execute(Command.GET_CURRENT_URL)["value"]
..\..\AppData\Local\Programs\Python\Python312\Lib\site-packages\selenium\webdriver\remote\webdriver.py:347: in execute
    self.error_handler.check_response(response)
..\..\AppData\Local\Programs\Python\Python312\Lib\site-packages\selenium\webdriver\remote\errorhandler.py:229: in check_response
    raise exception_class(message, screen, stacktrace)
E   selenium.common.exceptions.InvalidSessionIdException: Message: invalid session id
E   Stacktrace:
E   Symbols not available. Dumping unresolved backtrace:
E   	0x7ff6cfcda235
E   	0x7ff6cfa32630
E   	0x7ff6cf7c14e5
E   	0x7ff6cf80a151
E   	0x7ff6cf842a12
E   	0x7ff6cf83d27c
E   	0x7ff6cf83c46a
E   	0x7ff6cf78acb5
E   	0x7ff6cfd05d60
E   	0x7ff6cfcffe8a
E   	0x7ff6cfd21005
E   	0x7ff6cfa4d71e
E   	0x7ff6cfa54e1f
E   	0x7ff6cf78977b
E   	0x7ff6cfe545f8
E   	0x7ffa72747374
E   	0x7ffa735dcc91

5. test_admin_lands_on_admin_panel_dashboard__firms_view_by_default
   File: ..\..\AppData\Local\Programs\Python\Python312\Lib\site-packages\pytest_bdd\scenario.py
   Line: 266
   Duration: 0.00s
   Error:
..\..\AppData\Local\Programs\Python\Python312\Lib\site-packages\_pytest\fixtures.py:585: in getfixturevalue
    fixturedef = self._get_active_fixturedef(argname)
..\..\AppData\Local\Programs\Python\Python312\Lib\site-packages\_pytest\fixtures.py:607: in _get_active_fixturedef
    self._compute_fixture_value(fixturedef)
..\..\AppData\Local\Programs\Python\Python312\Lib\site-packages\_pytest\fixtures.py:693: in _compute_fixture_value
    fixturedef.execute(request=subrequest)
..\..\AppData\Local\Programs\Python\Python312\Lib\site-packages\_pytest\fixtures.py:1069: in execute
    result = ihook.pytest_fixture_setup(fixturedef=self, request=request)
..\..\AppData\Local\Programs\Python\Python312\Lib\site-packages\pluggy\_hooks.py:512: in __call__
    return self._hookexec(self.name, self._hookimpls.copy(), kwargs, firstresult)
..\..\AppData\Local\Programs\Python\Python312\Lib\site-packages\pluggy\_manager.py:120: in _hookexec
    return self._inner_hookexec(hook_name, methods, kwargs, firstresult)
..\..\AppData\Local\Programs\Python\Python312\Lib\site-packages\pluggy\_callers.py:53: in run_old_style_hookwrapper
    return result.get_result()
..\..\AppData\Local\Programs\Python\Python312\Lib\site-packages\pluggy\_callers.py:38: in run_old_style_hookwrapper
    res = yield
..\..\AppData\Local\Programs\Python\Python312\Lib\site-packages\pluggy\_callers.py:53: in run_old_style_hookwrapper
    return result.get_result()
..\..\AppData\Local\Programs\Python\Python312\Lib\site-packages\pluggy\_callers.py:38: in run_old_style_hookwrapper
    res = yield
..\..\AppData\Local\Programs\Python\Python312\Lib\site-packages\_pytest\fixtures.py:1123: in pytest_fixture_setup
    result = call_fixture_func(fixturefunc, request, kwargs)
..\..\AppData\Local\Programs\Python\Python312\Lib\site-packages\_pytest\fixtures.py:895: in call_fixture_func
    fixture_result = next(generator)
conftest.py:218: in context
    current_url = driver.current_url.lower()
..\..\AppData\Local\Programs\Python\Python312\Lib\site-packages\selenium\webdriver\remote\webdriver.py:437: in current_url
    return self.execute(Command.GET_CURRENT_URL)["value"]
..\..\AppData\Local\Programs\Python\Python312\Lib\site-packages\selenium\webdriver\remote\webdriver.py:347: in execute
    self.error_handler.check_response(response)
..\..\AppData\Local\Programs\Python\Python312\Lib\site-packages\selenium\webdriver\remote\errorhandler.py:229: in check_response
    raise exception_class(message, screen, stacktrace)
E   selenium.common.exceptions.InvalidSessionIdException: Message: invalid session id
E   Stacktrace:
E   Symbols not available. Dumping unresolved backtrace:
E   	0x7ff6cfcda235
E   	0x7ff6cfa32630
E   	0x7ff6cf7c14e5
E   	0x7ff6cf80a151
E   	0x7ff6cf842a12
E   	0x7ff6cf83d27c
E   	0x7ff6cf83c46a
E   	0x7ff6cf78acb5
E   	0x7ff6cfd05d60
E   	0x7ff6cfcffe8a
E   	0x7ff6cfd21005
E   	0x7ff6cfa4d71e
E   	0x7ff6cfa54e1f
E   	0x7ff6cf78977b
E   	0x7ff6cfe545f8
E   	0x7ffa72747374
E   	0x7ffa735dcc91

6. test_admin_can_access_firms_section_and_view_firms_list
   File: ..\..\AppData\Local\Programs\Python\Python312\Lib\site-packages\pytest_bdd\scenario.py
   Line: 266
   Duration: 0.00s
   Error:
..\..\AppData\Local\Programs\Python\Python312\Lib\site-packages\_pytest\fixtures.py:585: in getfixturevalue
    fixturedef = self._get_active_fixturedef(argname)
..\..\AppData\Local\Programs\Python\Python312\Lib\site-packages\_pytest\fixtures.py:607: in _get_active_fixturedef
    self._compute_fixture_value(fixturedef)
..\..\AppData\Local\Programs\Python\Python312\Lib\site-packages\_pytest\fixtures.py:693: in _compute_fixture_value
    fixturedef.execute(request=subrequest)
..\..\AppData\Local\Programs\Python\Python312\Lib\site-packages\_pytest\fixtures.py:1069: in execute
    result = ihook.pytest_fixture_setup(fixturedef=self, request=request)
..\..\AppData\Local\Programs\Python\Python312\Lib\site-packages\pluggy\_hooks.py:512: in __call__
    return self._hookexec(self.name, self._hookimpls.copy(), kwargs, firstresult)
..\..\AppData\Local\Programs\Python\Python312\Lib\site-packages\pluggy\_manager.py:120: in _hookexec
    return self._inner_hookexec(hook_name, methods, kwargs, firstresult)
..\..\AppData\Local\Programs\Python\Python312\Lib\site-packages\pluggy\_callers.py:53: in run_old_style_hookwrapper
    return result.get_result()
..\..\AppData\Local\Programs\Python\Python312\Lib\site-packages\pluggy\_callers.py:38: in run_old_style_hookwrapper
    res = yield
..\..\AppData\Local\Programs\Python\Python312\Lib\site-packages\pluggy\_callers.py:53: in run_old_style_hookwrapper
    return result.get_result()
..\..\AppData\Local\Programs\Python\Python312\Lib\site-packages\pluggy\_callers.py:38: in run_old_style_hookwrapper
    res = yield
..\..\AppData\Local\Programs\Python\Python312\Lib\site-packages\_pytest\fixtures.py:1123: in pytest_fixture_setup
    result = call_fixture_func(fixturefunc, request, kwargs)
..\..\AppData\Local\Programs\Python\Python312\Lib\site-packages\_pytest\fixtures.py:895: in call_fixture_func
    fixture_result = next(generator)
conftest.py:218: in context
    current_url = driver.current_url.lower()
..\..\AppData\Local\Programs\Python\Python312\Lib\site-packages\selenium\webdriver\remote\webdriver.py:437: in current_url
    return self.execute(Command.GET_CURRENT_URL)["value"]
..\..\AppData\Local\Programs\Python\Python312\Lib\site-packages\selenium\webdriver\remote\webdriver.py:347: in execute
    self.error_handler.check_response(response)
..\..\AppData\Local\Programs\Python\Python312\Lib\site-packages\selenium\webdriver\remote\errorhandler.py:229: in check_response
    raise exception_class(message, screen, stacktrace)
E   selenium.common.exceptions.InvalidSessionIdException: Message: invalid session id
E   Stacktrace:
E   Symbols not available. Dumping unresolved backtrace:
E   	0x7ff6cfcda235
E   	0x7ff6cfa32630
E   	0x7ff6cf7c14e5
E   	0x7ff6cf80a151
E   	0x7ff6cf842a12
E   	0x7ff6cf83d27c
E   	0x7ff6cf83c46a
E   	0x7ff6cf78acb5
E   	0x7ff6cfd05d60
E   	0x7ff6cfcffe8a
E   	0x7ff6cfd21005
E   	0x7ff6cfa4d71e
E   	0x7ff6cfa54e1f
E   	0x7ff6cf78977b
E   	0x7ff6cfe545f8
E   	0x7ffa72747374
E   	0x7ffa735dcc91

7. test_admin_can_access_users_section_and_view_users_list_readonly
   File: ..\..\AppData\Local\Programs\Python\Python312\Lib\site-packages\pytest_bdd\scenario.py
   Line: 266
   Duration: 0.00s
   Error:
..\..\AppData\Local\Programs\Python\Python312\Lib\site-packages\_pytest\fixtures.py:585: in getfixturevalue
    fixturedef = self._get_active_fixturedef(argname)
..\..\AppData\Local\Programs\Python\Python312\Lib\site-packages\_pytest\fixtures.py:607: in _get_active_fixturedef
    self._compute_fixture_value(fixturedef)
..\..\AppData\Local\Programs\Python\Python312\Lib\site-packages\_pytest\fixtures.py:693: in _compute_fixture_value
    fixturedef.execute(request=subrequest)
..\..\AppData\Local\Programs\Python\Python312\Lib\site-packages\_pytest\fixtures.py:1069: in execute
    result = ihook.pytest_fixture_setup(fixturedef=self, request=request)
..\..\AppData\Local\Programs\Python\Python312\Lib\site-packages\pluggy\_hooks.py:512: in __call__
    return self._hookexec(self.name, self._hookimpls.copy(), kwargs, firstresult)
..\..\AppData\Local\Programs\Python\Python312\Lib\site-packages\pluggy\_manager.py:120: in _hookexec
    return self._inner_hookexec(hook_name, methods, kwargs, firstresult)
..\..\AppData\Local\Programs\Python\Python312\Lib\site-packages\pluggy\_callers.py:53: in run_old_style_hookwrapper
    return result.get_result()
..\..\AppData\Local\Programs\Python\Python312\Lib\site-packages\pluggy\_callers.py:38: in run_old_style_hookwrapper
    res = yield
..\..\AppData\Local\Programs\Python\Python312\Lib\site-packages\pluggy\_callers.py:53: in run_old_style_hookwrapper
    return result.get_result()
..\..\AppData\Local\Programs\Python\Python312\Lib\site-packages\pluggy\_callers.py:38: in run_old_style_hookwrapper
    res = yield
..\..\AppData\Local\Programs\Python\Python312\Lib\site-packages\_pytest\fixtures.py:1123: in pytest_fixture_setup
    result = call_fixture_func(fixturefunc, request, kwargs)
..\..\AppData\Local\Programs\Python\Python312\Lib\site-packages\_pytest\fixtures.py:895: in call_fixture_func
    fixture_result = next(generator)
conftest.py:218: in context
    current_url = driver.current_url.lower()
..\..\AppData\Local\Programs\Python\Python312\Lib\site-packages\selenium\webdriver\remote\webdriver.py:437: in current_url
    return self.execute(Command.GET_CURRENT_URL)["value"]
..\..\AppData\Local\Programs\Python\Python312\Lib\site-packages\selenium\webdriver\remote\webdriver.py:347: in execute
    self.error_handler.check_response(response)
..\..\AppData\Local\Programs\Python\Python312\Lib\site-packages\selenium\webdriver\remote\errorhandler.py:229: in check_response
    raise exception_class(message, screen, stacktrace)
E   selenium.common.exceptions.InvalidSessionIdException: Message: invalid session id
E   Stacktrace:
E   Symbols not available. Dumping unresolved backtrace:
E   	0x7ff6cfcda235
E   	0x7ff6cfa32630
E   	0x7ff6cf7c14e5
E   	0x7ff6cf80a151
E   	0x7ff6cf842a12
E   	0x7ff6cf83d27c
E   	0x7ff6cf83c46a
E   	0x7ff6cf78acb5
E   	0x7ff6cfd05d60
E   	0x7ff6cfcffe8a
E   	0x7ff6cfd21005
E   	0x7ff6cfa4d71e
E   	0x7ff6cfa54e1f
E   	0x7ff6cf78977b
E   	0x7ff6cfe545f8
E   	0x7ffa72747374
E   	0x7ffa735dcc91

8. test_firms_list_displays_all_required_columns
   File: ..\..\AppData\Local\Programs\Python\Python312\Lib\site-packages\pytest_bdd\scenario.py
   Line: 266
   Duration: 0.00s
   Error:
..\..\AppData\Local\Programs\Python\Python312\Lib\site-packages\_pytest\fixtures.py:585: in getfixturevalue
    fixturedef = self._get_active_fixturedef(argname)
..\..\AppData\Local\Programs\Python\Python312\Lib\site-packages\_pytest\fixtures.py:607: in _get_active_fixturedef
    self._compute_fixture_value(fixturedef)
..\..\AppData\Local\Programs\Python\Python312\Lib\site-packages\_pytest\fixtures.py:693: in _compute_fixture_value
    fixturedef.execute(request=subrequest)
..\..\AppData\Local\Programs\Python\Python312\Lib\site-packages\_pytest\fixtures.py:1069: in execute
    result = ihook.pytest_fixture_setup(fixturedef=self, request=request)
..\..\AppData\Local\Programs\Python\Python312\Lib\site-packages\pluggy\_hooks.py:512: in __call__
    return self._hookexec(self.name, self._hookimpls.copy(), kwargs, firstresult)
..\..\AppData\Local\Programs\Python\Python312\Lib\site-packages\pluggy\_manager.py:120: in _hookexec
    return self._inner_hookexec(hook_name, methods, kwargs, firstresult)
..\..\AppData\Local\Programs\Python\Python312\Lib\site-packages\pluggy\_callers.py:53: in run_old_style_hookwrapper
    return result.get_result()
..\..\AppData\Local\Programs\Python\Python312\Lib\site-packages\pluggy\_callers.py:38: in run_old_style_hookwrapper
    res = yield
..\..\AppData\Local\Programs\Python\Python312\Lib\site-packages\pluggy\_callers.py:53: in run_old_style_hookwrapper
    return result.get_result()
..\..\AppData\Local\Programs\Python\Python312\Lib\site-packages\pluggy\_callers.py:38: in run_old_style_hookwrapper
    res = yield
..\..\AppData\Local\Programs\Python\Python312\Lib\site-packages\_pytest\fixtures.py:1123: in pytest_fixture_setup
    result = call_fixture_func(fixturefunc, request, kwargs)
..\..\AppData\Local\Programs\Python\Python312\Lib\site-packages\_pytest\fixtures.py:895: in call_fixture_func
    fixture_result = next(generator)
conftest.py:218: in context
    current_url = driver.current_url.lower()
..\..\AppData\Local\Programs\Python\Python312\Lib\site-packages\selenium\webdriver\remote\webdriver.py:437: in current_url
    return self.execute(Command.GET_CURRENT_URL)["value"]
..\..\AppData\Local\Programs\Python\Python312\Lib\site-packages\selenium\webdriver\remote\webdriver.py:347: in execute
    self.error_handler.check_response(response)
..\..\AppData\Local\Programs\Python\Python312\Lib\site-packages\selenium\webdriver\remote\errorhandler.py:229: in check_response
    raise exception_class(message, screen, stacktrace)
E   selenium.common.exceptions.InvalidSessionIdException: Message: invalid session id
E   Stacktrace:
E   Symbols not available. Dumping unresolved backtrace:
E   	0x7ff6cfcda235
E   	0x7ff6cfa32630
E   	0x7ff6cf7c14e5
E   	0x7ff6cf80a151
E   	0x7ff6cf842a12
E   	0x7ff6cf83d27c
E   	0x7ff6cf83c46a
E   	0x7ff6cf78acb5
E   	0x7ff6cfd05d60
E   	0x7ff6cfcffe8a
E   	0x7ff6cfd21005
E   	0x7ff6cfa4d71e
E   	0x7ff6cfa54e1f
E   	0x7ff6cf78977b
E   	0x7ff6cfe545f8
E   	0x7ffa72747374
E   	0x7ffa735dcc91

