================================================================================
TEST EXECUTION REPORT
================================================================================

Start Time: 2025-12-30 11:59:13
End Time: 2025-12-30 12:07:18
Duration: 0:08:04.989171

TOTAL TESTS: 11
PASSED: 8
FAILED: 3
SKIPPED: 0

================================================================================
PASSED TESTS:
================================================================================
1. test_admin_users_can_navigate_to_dedicated_admin_portal_login_page
   File: .venv\Lib\site-packages\pytest_bdd\scenario.py
   Line: 295
   Duration: 40.01s

2. test_login_page_displays_email_and_password_fields
   File: .venv\Lib\site-packages\pytest_bdd\scenario.py
   Line: 295
   Duration: 40.80s

3. test_forgot_password_link_redirects_to_password_reset_flow
   File: .venv\Lib\site-packages\pytest_bdd\scenario.py
   Line: 295
   Duration: 27.94s

4. test_empty_email_field_shows_validation_error
   File: .venv\Lib\site-packages\pytest_bdd\scenario.py
   Line: 295
   Duration: 52.03s

5. test_invalid_email_format_shows_validation_error
   File: .venv\Lib\site-packages\pytest_bdd\scenario.py
   Line: 295
   Duration: 51.09s

6. test_admin_lands_on_admin_panel_dashboard__firms_view_by_default
   File: .venv\Lib\site-packages\pytest_bdd\scenario.py
   Line: 295
   Duration: 5.30s

7. test_admin_can_access_firms_section_and_view_firms_list
   File: .venv\Lib\site-packages\pytest_bdd\scenario.py
   Line: 295
   Duration: 20.16s

8. test_admin_can_access_users_section_and_view_users_list_readonly
   File: .venv\Lib\site-packages\pytest_bdd\scenario.py
   Line: 295
   Duration: 20.05s

================================================================================
FAILED TESTS:
================================================================================
1. test_admin_can_successfully_log_in
   File: .venv\Lib\site-packages\pytest_bdd\scenario.py
   Line: 295
   Duration: 213.89s
   Error:
E   AssertionError: Failed to enter email 'wishma.khurram@rolustech.com'

2. test_firms_list_displays_all_required_columns
   File: .venv\Lib\site-packages\pytest_bdd\scenario.py
   Line: 295
   Duration: 5.97s
   Error:
E   AssertionError: Found 8 row(s) with missing data:
      Row 0: missing ['Firm Name', 'Status', 'Email', 'Phone', 'Website', 'Date Created', 'Action']
      Row 1: missing ['Firm Name', 'Status', 'Email', 'Phone', 'Website', 'Date Created', 'Action']
      Row 2: missing ['Firm Name', 'Status', 'Email', 'Phone', 'Website', 'Date Created', 'Action']
      Row 3: missing ['Firm Name', 'Status', 'Email', 'Phone', 'Website', 'Date Created', 'Action']
      Row 4: missing ['Firm Name', 'Status', 'Email', 'Phone', 'Website', 'Date Created', 'Action']
      ... and 3 more

3. test_admin_can_create_a_new_firm_with_owner
   File: .venv\Lib\site-packages\pytest_bdd\scenario.py
   Line: 295
   Duration: 5.43s
   Error:
E   AssertionError: No table data found! The Gherkin table must be provided in the feature file.

