================================================================================
TEST EXECUTION REPORT
================================================================================

Start Time: 2025-12-15 11:58:36
End Time: 2025-12-15 12:01:49
Duration: 0:03:13.749881

TOTAL TESTS: 8
PASSED: 6
FAILED: 2
SKIPPED: 0

================================================================================
PASSED TESTS:
================================================================================
1. test_admin_users_can_navigate_to_dedicated_admin_portal_login_page
   File: ..\..\AppData\Local\Programs\Python\Python312\Lib\site-packages\pytest_bdd\scenario.py
   Line: 266
   Duration: 41.04s

2. test_login_page_displays_email_and_password_fields
   File: ..\..\AppData\Local\Programs\Python\Python312\Lib\site-packages\pytest_bdd\scenario.py
   Line: 266
   Duration: 38.91s

3. test_forgot_password_link_redirects_to_password_reset_flow
   File: ..\..\AppData\Local\Programs\Python\Python312\Lib\site-packages\pytest_bdd\scenario.py
   Line: 266
   Duration: 2.33s

4. test_admin_lands_on_admin_panel_dashboard__firms_view_by_default
   File: ..\..\AppData\Local\Programs\Python\Python312\Lib\site-packages\pytest_bdd\scenario.py
   Line: 266
   Duration: 71.62s

5. test_admin_can_access_firms_section_and_view_firms_list
   File: ..\..\AppData\Local\Programs\Python\Python312\Lib\site-packages\pytest_bdd\scenario.py
   Line: 266
   Duration: 14.04s

6. test_admin_can_access_users_section_and_view_users_list_readonly
   File: ..\..\AppData\Local\Programs\Python\Python312\Lib\site-packages\pytest_bdd\scenario.py
   Line: 266
   Duration: 14.11s

================================================================================
FAILED TESTS:
================================================================================
1. test_admin_can_navigate_to_create_new_firm_page
   File: ..\..\AppData\Local\Programs\Python\Python312\Lib\site-packages\pytest_bdd\scenario.py
   Line: 266
   Duration: 8.10s
   Error:
..\..\AppData\Local\Programs\Python\Python312\Lib\site-packages\_pytest\fixtures.py:902: in call_fixture_func
    fixture_result = fixturefunc(**kwargs)
steps\maven_steps.py:1346: in step_see_screen
    assert screen_lower in current_url or any(word in current_url for word in screen_lower.split()), \
E   AssertionError: "Firm Details" section not displayed. Current URL: https://dev-admin.maventech.ai/firms/new

2. test_firms_list_displays_all_required_columns
   File: ..\..\AppData\Local\Programs\Python\Python312\Lib\site-packages\pytest_bdd\scenario.py
   Line: 266
   Duration: 0.62s
   Error:
E   pytest_bdd.exceptions.StepDefinitionNotFoundError: Step definition is not found: Then "I should see a table with the following columns:
    | Column Name |
    | Firm Name |
    | Status |
    | Email |
    | Phone |
    | Website |
    | Date Created |
    | Action |". Line 77 in scenario "Firms list displays all required columns" in the feature "C:\Users\wishma.khurram\work\Ant Design\features\maven_automation.feature"
All traceback entries are hidden. Pass `--full-trace` to see hidden and internal frames.

