================================================================================
TEST EXECUTION REPORT
================================================================================

Start Time: 2025-12-16 11:48:17
End Time: 2025-12-16 11:53:51
Duration: 0:05:34.075991

TOTAL TESTS: 10
PASSED: 8
FAILED: 2
SKIPPED: 0

================================================================================
PASSED TESTS:
================================================================================
1. test_admin_users_can_navigate_to_dedicated_admin_portal_login_page
   File: .venv\Lib\site-packages\pytest_bdd\scenario.py
   Line: 295
   Duration: 39.18s

2. test_login_page_displays_email_and_password_fields
   File: .venv\Lib\site-packages\pytest_bdd\scenario.py
   Line: 295
   Duration: 39.85s

3. test_forgot_password_link_redirects_to_password_reset_flow
   File: .venv\Lib\site-packages\pytest_bdd\scenario.py
   Line: 295
   Duration: 35.60s

4. test_empty_email_field_shows_validation_error
   File: .venv\Lib\site-packages\pytest_bdd\scenario.py
   Line: 295
   Duration: 58.29s

5. test_invalid_email_format_shows_validation_error
   File: .venv\Lib\site-packages\pytest_bdd\scenario.py
   Line: 295
   Duration: 56.76s

6. test_admin_can_successfully_log_in
   File: .venv\Lib\site-packages\pytest_bdd\scenario.py
   Line: 295
   Duration: 70.58s

7. test_admin_lands_on_admin_panel_dashboard__firms_view_by_default
   File: .venv\Lib\site-packages\pytest_bdd\scenario.py
   Line: 295
   Duration: 5.64s

8. test_admin_can_access_firms_section_and_view_firms_list
   File: .venv\Lib\site-packages\pytest_bdd\scenario.py
   Line: 295
   Duration: 7.92s

================================================================================
FAILED TESTS:
================================================================================
1. test_admin_can_access_users_section_and_view_users_list_readonly
   File: .venv\Lib\site-packages\pytest_bdd\scenario.py
   Line: 295
   Duration: 11.05s
   Error:
fixturefunc = <function step_redirected_to_users_page at 0x0000014ED9D16E80>
request = <FixtureRequest for <Function test_admin_can_access_users_section_and_view_users_list_readonly>>
kwargs = {'context': <conftest.context.<locals>.Context object at 0x0000014EDA24F620>}

    def call_fixture_func(
        fixturefunc: _FixtureFunc[FixtureValue], request: FixtureRequest, kwargs
    ) -> FixtureValue:
        if inspect.isgeneratorfunction(fixturefunc):
            fixturefunc = cast(Callable[..., Generator[FixtureValue]], fixturefunc)
            generator = fixturefunc(**kwargs)
            try:
                fixture_result = next(generator)
            except StopIteration:
                raise ValueError(f"{request.fixturename} did not yield a value") from None
            finalizer = functools.partial(_teardown_yield_fixture, fixturefunc, generator)
            request.addfinalizer(finalizer)
        else:
            fixturefunc = cast(Callable[..., FixtureValue], fixturefunc)
>           fixture_result = fixturefunc(**kwargs)
                             ^^^^^^^^^^^^^^^^^^^^^

.venv\Lib\site-packages\_pytest\fixtures.py:915: 
_ _ _ _ _ _ _ _ _ _ _ _ _ _ _ _ _ _ _ _ _ _ _ _ _ _ _ _ _ _ _ _ _ _ _ _ _ _ _ _ _ _ _ _ _ _ _ _ _ _ _ _ _ _ _ _ _ _ _ 

context = <conftest.context.<locals>.Context object at 0x0000014EDA24F620>

    @then('I should be redirected to the Users list page')
    def step_redirected_to_users_page(context):
        """
        Verify redirect to Users list page
        Uses WebDriverWait to properly wait for navigation and page load
        """
        print(f"   >> Verifying redirect to Users list page")
        try:
            wait = WebDriverWait(context.driver, 3)  # Optimized for speed
    
            # Wait for URL to contain 'users'
            wait.until(lambda driver: 'users' in driver.current_url.lower())
    
            # Wait for page to be fully loaded
            wait.until(lambda driver: driver.execute_script('return document.readyState') == 'complete')
    
            # Wait for any dynamic content (removed jQuery wait for speed)
            pass
        except Exception as e:
            print(f"   >> Error waiting for redirect: {str(e)}")
    
        current_url = context.driver.current_url.lower()
>       assert 'users' in current_url, f"Not redirected to Users list page. Current URL: {current_url}"
               ^^^^^^^^^^^^^^^^^^^^^^
E       AssertionError: Not redirected to Users list page. Current URL: https://dev-admin.maventech.ai/firms

steps\menu_steps.py:175: AssertionError

2. test_firms_list_displays_all_required_columns
   File: .venv\Lib\site-packages\pytest_bdd\scenario.py
   Line: 295
   Duration: 6.46s
   Error:
fixturefunc = <function step_verify_row_details at 0x0000014ED9D6FF60>
request = <FixtureRequest for <Function test_firms_list_displays_all_required_columns>>
kwargs = {'context': <conftest.context.<locals>.Context object at 0x0000014EDA24D820>, 'entity_type': 'firm'}

    def call_fixture_func(
        fixturefunc: _FixtureFunc[FixtureValue], request: FixtureRequest, kwargs
    ) -> FixtureValue:
        if inspect.isgeneratorfunction(fixturefunc):
            fixturefunc = cast(Callable[..., Generator[FixtureValue]], fixturefunc)
            generator = fixturefunc(**kwargs)
            try:
                fixture_result = next(generator)
            except StopIteration:
                raise ValueError(f"{request.fixturename} did not yield a value") from None
            finalizer = functools.partial(_teardown_yield_fixture, fixturefunc, generator)
            request.addfinalizer(finalizer)
        else:
            fixturefunc = cast(Callable[..., FixtureValue], fixturefunc)
>           fixture_result = fixturefunc(**kwargs)
                             ^^^^^^^^^^^^^^^^^^^^^

.venv\Lib\site-packages\_pytest\fixtures.py:915: 
_ _ _ _ _ _ _ _ _ _ _ _ _ _ _ _ _ _ _ _ _ _ _ _ _ _ _ _ _ _ _ _ _ _ _ _ _ _ _ _ _ _ _ _ _ _ _ _ _ _ _ _ _ _ _ _ _ _ _ 

context = <conftest.context.<locals>.Context object at 0x0000014EDA24D820>, entity_type = 'firm', scenario = None

    @then(parsers.parse('each row should display these details'))
    @then(parsers.parse('each {entity_type} row should display these details'))
    def step_verify_row_details(context, entity_type=None, scenario=None):
        """
        Verify that each row in the table displays the expected details
        Generic step that works with any table - checks that rows have data in expected columns
    
        Args:
            context: Context fixture from conftest.py
            entity_type: Optional entity type (e.g., 'firm', 'user') - for readability only
            scenario: pytest-bdd scenario fixture (optional, for future table data)
        """
        entity_text = f"{entity_type} " if entity_type else ""
        print(f"   >> Verifying that each {entity_text}row displays expected details...")
    
        # Get expected columns from previous step or from context
        expected_columns = getattr(context, 'expected_columns', None)
        if not expected_columns:
            # Try to get from table summary
            summary = context.table_handler.get_table_summary()
            if summary:
                expected_columns = summary.get('headers', [])
                expected_columns = [h.strip() for h in expected_columns if h and h.strip()]
    
        if not expected_columns:
            raise AssertionError("No expected columns found. Make sure to verify columns first with 'I should see a table with the following columns'")
    
        # Read all rows from table
        rows = context.table_handler.read_all_rows()
        if not rows:
            raise AssertionError("Table has no data rows")
    
        print(f"   >> Checking {len(rows)} rows for {len(expected_columns)} expected columns...")
    
        # Verify each row has data in expected columns
        rows_with_missing_data = []
        for row_index, row in enumerate(rows):
            missing_data = []
            for col in expected_columns:
                # Find matching column in row (case-insensitive)
                row_value = None
                for key, value in row.items():
                    if col.strip().lower() == key.strip().lower():
                        row_value = value
                        break
                    # Try partial match
                    if col.strip().lower() in key.strip().lower() or key.strip().lower() in col.strip().lower():
                        row_value = value
                        break
    
                # Check if value exists and is not empty
                if not row_value or (isinstance(row_value, str) and not row_value.strip()):
                    missing_data.append(col)
    
            if missing_data:
                rows_with_missing_data.append({
                    'row_index': row_index,
                    'row_data': row,
                    'missing_columns': missing_data
                })
                print(f"   >> ✗ Row {row_index} missing data in: {missing_data}")
            else:
                print(f"   >> ✓ Row {row_index} has all expected data")
    
        if rows_with_missing_data:
            error_msg = f"Found {len(rows_with_missing_data)} row(s) with missing data:\n"
            for issue in rows_with_missing_data[:5]:  # Show first 5 issues
                error_msg += f"  Row {issue['row_index']}: missing {issue['missing_columns']}\n"
            if len(rows_with_missing_data) > 5:
                error_msg += f"  ... and {len(rows_with_missing_data) - 5} more\n"
>           raise AssertionError(error_msg)
E           AssertionError: Found 6 row(s) with missing data:
E             Row 0: missing ['Firm Name', 'Status', 'Email', 'Phone', 'Website', 'Date Created', 'Action']
E             Row 1: missing ['Firm Name', 'Status', 'Email', 'Phone', 'Website', 'Date Created', 'Action']
E             Row 2: missing ['Firm Name', 'Status', 'Email', 'Phone', 'Website', 'Date Created', 'Action']
E             Row 3: missing ['Firm Name', 'Status', 'Email', 'Phone', 'Website', 'Date Created', 'Action']
E             Row 4: missing ['Firm Name', 'Status', 'Email', 'Phone', 'Website', 'Date Created', 'Action']
E             ... and 1 more

steps\table_steps.py:449: AssertionError

