================================================================================
TEST EXECUTION REPORT
================================================================================

Start Time: 2025-12-12 11:30:11
End Time: 2025-12-12 11:37:00
Duration: 0:06:49.008850

TOTAL TESTS: 8
PASSED: 2
FAILED: 6
SKIPPED: 0

================================================================================
PASSED TESTS:
================================================================================
1. test_login_page_displays_email_and_password_fields
   File: ..\..\AppData\Local\Programs\Python\Python312\Lib\site-packages\pytest_bdd\scenario.py
   Line: 266
   Duration: 39.11s

2. test_forgot_password_link_redirects_to_password_reset_flow
   File: ..\..\AppData\Local\Programs\Python\Python312\Lib\site-packages\pytest_bdd\scenario.py
   Line: 266
   Duration: 3.15s

================================================================================
FAILED TESTS:
================================================================================
1. test_admin_users_can_navigate_to_dedicated_admin_portal_login_page
   File: ..\..\AppData\Local\Programs\Python\Python312\Lib\site-packages\pytest_bdd\scenario.py
   Line: 266
   Duration: 65.37s
   Error:
..\..\AppData\Local\Programs\Python\Python312\Lib\site-packages\_pytest\fixtures.py:585: in getfixturevalue
    fixturedef = self._get_active_fixturedef(argname)
..\..\AppData\Local\Programs\Python\Python312\Lib\site-packages\_pytest\fixtures.py:607: in _get_active_fixturedef
    self._compute_fixture_value(fixturedef)
..\..\AppData\Local\Programs\Python\Python312\Lib\site-packages\_pytest\fixtures.py:693: in _compute_fixture_value
    fixturedef.execute(request=subrequest)
..\..\AppData\Local\Programs\Python\Python312\Lib\site-packages\_pytest\fixtures.py:1069: in execute
    result = ihook.pytest_fixture_setup(fixturedef=self, request=request)
..\..\AppData\Local\Programs\Python\Python312\Lib\site-packages\pluggy\_hooks.py:512: in __call__
    return self._hookexec(self.name, self._hookimpls.copy(), kwargs, firstresult)
..\..\AppData\Local\Programs\Python\Python312\Lib\site-packages\pluggy\_manager.py:120: in _hookexec
    return self._inner_hookexec(hook_name, methods, kwargs, firstresult)
..\..\AppData\Local\Programs\Python\Python312\Lib\site-packages\pluggy\_callers.py:53: in run_old_style_hookwrapper
    return result.get_result()
..\..\AppData\Local\Programs\Python\Python312\Lib\site-packages\pluggy\_callers.py:38: in run_old_style_hookwrapper
    res = yield
..\..\AppData\Local\Programs\Python\Python312\Lib\site-packages\pluggy\_callers.py:53: in run_old_style_hookwrapper
    return result.get_result()
..\..\AppData\Local\Programs\Python\Python312\Lib\site-packages\pluggy\_callers.py:38: in run_old_style_hookwrapper
    res = yield
..\..\AppData\Local\Programs\Python\Python312\Lib\site-packages\_pytest\fixtures.py:1123: in pytest_fixture_setup
    result = call_fixture_func(fixturefunc, request, kwargs)
..\..\AppData\Local\Programs\Python\Python312\Lib\site-packages\_pytest\fixtures.py:895: in call_fixture_func
    fixture_result = next(generator)
conftest.py:249: in context
    _perform_login(driver)
conftest.py:140: in _perform_login
    if not button_handler.button_clicked:
E   AttributeError: 'ButtonHandler' object has no attribute 'button_clicked'

2. test_happy_case__successful_login_with_valid_credentials_and_redirect_to_firms_page
   File: ..\..\AppData\Local\Programs\Python\Python312\Lib\site-packages\pytest_bdd\scenario.py
   Line: 266
   Duration: 62.11s
   Error:
..\..\AppData\Local\Programs\Python\Python312\Lib\site-packages\_pytest\fixtures.py:585: in getfixturevalue
    fixturedef = self._get_active_fixturedef(argname)
..\..\AppData\Local\Programs\Python\Python312\Lib\site-packages\_pytest\fixtures.py:607: in _get_active_fixturedef
    self._compute_fixture_value(fixturedef)
..\..\AppData\Local\Programs\Python\Python312\Lib\site-packages\_pytest\fixtures.py:693: in _compute_fixture_value
    fixturedef.execute(request=subrequest)
..\..\AppData\Local\Programs\Python\Python312\Lib\site-packages\_pytest\fixtures.py:1069: in execute
    result = ihook.pytest_fixture_setup(fixturedef=self, request=request)
..\..\AppData\Local\Programs\Python\Python312\Lib\site-packages\pluggy\_hooks.py:512: in __call__
    return self._hookexec(self.name, self._hookimpls.copy(), kwargs, firstresult)
..\..\AppData\Local\Programs\Python\Python312\Lib\site-packages\pluggy\_manager.py:120: in _hookexec
    return self._inner_hookexec(hook_name, methods, kwargs, firstresult)
..\..\AppData\Local\Programs\Python\Python312\Lib\site-packages\pluggy\_callers.py:53: in run_old_style_hookwrapper
    return result.get_result()
..\..\AppData\Local\Programs\Python\Python312\Lib\site-packages\pluggy\_callers.py:38: in run_old_style_hookwrapper
    res = yield
..\..\AppData\Local\Programs\Python\Python312\Lib\site-packages\pluggy\_callers.py:53: in run_old_style_hookwrapper
    return result.get_result()
..\..\AppData\Local\Programs\Python\Python312\Lib\site-packages\pluggy\_callers.py:38: in run_old_style_hookwrapper
    res = yield
..\..\AppData\Local\Programs\Python\Python312\Lib\site-packages\_pytest\fixtures.py:1123: in pytest_fixture_setup
    result = call_fixture_func(fixturefunc, request, kwargs)
..\..\AppData\Local\Programs\Python\Python312\Lib\site-packages\_pytest\fixtures.py:895: in call_fixture_func
    fixture_result = next(generator)
conftest.py:249: in context
    _perform_login(driver)
conftest.py:140: in _perform_login
    if not button_handler.button_clicked:
E   AttributeError: 'ButtonHandler' object has no attribute 'button_clicked'

3. test_admin_lands_on_admin_panel_dashboard__firms_view_by_default
   File: ..\..\AppData\Local\Programs\Python\Python312\Lib\site-packages\pytest_bdd\scenario.py
   Line: 266
   Duration: 48.56s
   Error:
..\..\AppData\Local\Programs\Python\Python312\Lib\site-packages\_pytest\fixtures.py:585: in getfixturevalue
    fixturedef = self._get_active_fixturedef(argname)
..\..\AppData\Local\Programs\Python\Python312\Lib\site-packages\_pytest\fixtures.py:607: in _get_active_fixturedef
    self._compute_fixture_value(fixturedef)
..\..\AppData\Local\Programs\Python\Python312\Lib\site-packages\_pytest\fixtures.py:693: in _compute_fixture_value
    fixturedef.execute(request=subrequest)
..\..\AppData\Local\Programs\Python\Python312\Lib\site-packages\_pytest\fixtures.py:1069: in execute
    result = ihook.pytest_fixture_setup(fixturedef=self, request=request)
..\..\AppData\Local\Programs\Python\Python312\Lib\site-packages\pluggy\_hooks.py:512: in __call__
    return self._hookexec(self.name, self._hookimpls.copy(), kwargs, firstresult)
..\..\AppData\Local\Programs\Python\Python312\Lib\site-packages\pluggy\_manager.py:120: in _hookexec
    return self._inner_hookexec(hook_name, methods, kwargs, firstresult)
..\..\AppData\Local\Programs\Python\Python312\Lib\site-packages\pluggy\_callers.py:53: in run_old_style_hookwrapper
    return result.get_result()
..\..\AppData\Local\Programs\Python\Python312\Lib\site-packages\pluggy\_callers.py:38: in run_old_style_hookwrapper
    res = yield
..\..\AppData\Local\Programs\Python\Python312\Lib\site-packages\pluggy\_callers.py:53: in run_old_style_hookwrapper
    return result.get_result()
..\..\AppData\Local\Programs\Python\Python312\Lib\site-packages\pluggy\_callers.py:38: in run_old_style_hookwrapper
    res = yield
..\..\AppData\Local\Programs\Python\Python312\Lib\site-packages\_pytest\fixtures.py:1123: in pytest_fixture_setup
    result = call_fixture_func(fixturefunc, request, kwargs)
..\..\AppData\Local\Programs\Python\Python312\Lib\site-packages\_pytest\fixtures.py:895: in call_fixture_func
    fixture_result = next(generator)
conftest.py:249: in context
    _perform_login(driver)
conftest.py:140: in _perform_login
    if not button_handler.button_clicked:
E   AttributeError: 'ButtonHandler' object has no attribute 'button_clicked'

4. test_admin_can_access_firms_section_and_view_firms_list
   File: ..\..\AppData\Local\Programs\Python\Python312\Lib\site-packages\pytest_bdd\scenario.py
   Line: 266
   Duration: 62.15s
   Error:
..\..\AppData\Local\Programs\Python\Python312\Lib\site-packages\_pytest\fixtures.py:585: in getfixturevalue
    fixturedef = self._get_active_fixturedef(argname)
..\..\AppData\Local\Programs\Python\Python312\Lib\site-packages\_pytest\fixtures.py:607: in _get_active_fixturedef
    self._compute_fixture_value(fixturedef)
..\..\AppData\Local\Programs\Python\Python312\Lib\site-packages\_pytest\fixtures.py:693: in _compute_fixture_value
    fixturedef.execute(request=subrequest)
..\..\AppData\Local\Programs\Python\Python312\Lib\site-packages\_pytest\fixtures.py:1069: in execute
    result = ihook.pytest_fixture_setup(fixturedef=self, request=request)
..\..\AppData\Local\Programs\Python\Python312\Lib\site-packages\pluggy\_hooks.py:512: in __call__
    return self._hookexec(self.name, self._hookimpls.copy(), kwargs, firstresult)
..\..\AppData\Local\Programs\Python\Python312\Lib\site-packages\pluggy\_manager.py:120: in _hookexec
    return self._inner_hookexec(hook_name, methods, kwargs, firstresult)
..\..\AppData\Local\Programs\Python\Python312\Lib\site-packages\pluggy\_callers.py:53: in run_old_style_hookwrapper
    return result.get_result()
..\..\AppData\Local\Programs\Python\Python312\Lib\site-packages\pluggy\_callers.py:38: in run_old_style_hookwrapper
    res = yield
..\..\AppData\Local\Programs\Python\Python312\Lib\site-packages\pluggy\_callers.py:53: in run_old_style_hookwrapper
    return result.get_result()
..\..\AppData\Local\Programs\Python\Python312\Lib\site-packages\pluggy\_callers.py:38: in run_old_style_hookwrapper
    res = yield
..\..\AppData\Local\Programs\Python\Python312\Lib\site-packages\_pytest\fixtures.py:1123: in pytest_fixture_setup
    result = call_fixture_func(fixturefunc, request, kwargs)
..\..\AppData\Local\Programs\Python\Python312\Lib\site-packages\_pytest\fixtures.py:895: in call_fixture_func
    fixture_result = next(generator)
conftest.py:249: in context
    _perform_login(driver)
conftest.py:140: in _perform_login
    if not button_handler.button_clicked:
E   AttributeError: 'ButtonHandler' object has no attribute 'button_clicked'

5. test_admin_can_access_users_section_and_view_users_list_readonly
   File: ..\..\AppData\Local\Programs\Python\Python312\Lib\site-packages\pytest_bdd\scenario.py
   Line: 266
   Duration: 61.76s
   Error:
..\..\AppData\Local\Programs\Python\Python312\Lib\site-packages\_pytest\fixtures.py:585: in getfixturevalue
    fixturedef = self._get_active_fixturedef(argname)
..\..\AppData\Local\Programs\Python\Python312\Lib\site-packages\_pytest\fixtures.py:607: in _get_active_fixturedef
    self._compute_fixture_value(fixturedef)
..\..\AppData\Local\Programs\Python\Python312\Lib\site-packages\_pytest\fixtures.py:693: in _compute_fixture_value
    fixturedef.execute(request=subrequest)
..\..\AppData\Local\Programs\Python\Python312\Lib\site-packages\_pytest\fixtures.py:1069: in execute
    result = ihook.pytest_fixture_setup(fixturedef=self, request=request)
..\..\AppData\Local\Programs\Python\Python312\Lib\site-packages\pluggy\_hooks.py:512: in __call__
    return self._hookexec(self.name, self._hookimpls.copy(), kwargs, firstresult)
..\..\AppData\Local\Programs\Python\Python312\Lib\site-packages\pluggy\_manager.py:120: in _hookexec
    return self._inner_hookexec(hook_name, methods, kwargs, firstresult)
..\..\AppData\Local\Programs\Python\Python312\Lib\site-packages\pluggy\_callers.py:53: in run_old_style_hookwrapper
    return result.get_result()
..\..\AppData\Local\Programs\Python\Python312\Lib\site-packages\pluggy\_callers.py:38: in run_old_style_hookwrapper
    res = yield
..\..\AppData\Local\Programs\Python\Python312\Lib\site-packages\pluggy\_callers.py:53: in run_old_style_hookwrapper
    return result.get_result()
..\..\AppData\Local\Programs\Python\Python312\Lib\site-packages\pluggy\_callers.py:38: in run_old_style_hookwrapper
    res = yield
..\..\AppData\Local\Programs\Python\Python312\Lib\site-packages\_pytest\fixtures.py:1123: in pytest_fixture_setup
    result = call_fixture_func(fixturefunc, request, kwargs)
..\..\AppData\Local\Programs\Python\Python312\Lib\site-packages\_pytest\fixtures.py:895: in call_fixture_func
    fixture_result = next(generator)
conftest.py:249: in context
    _perform_login(driver)
conftest.py:140: in _perform_login
    if not button_handler.button_clicked:
E   AttributeError: 'ButtonHandler' object has no attribute 'button_clicked'

6. test_firms_list_displays_all_required_columns
   File: ..\..\AppData\Local\Programs\Python\Python312\Lib\site-packages\pytest_bdd\scenario.py
   Line: 266
   Duration: 62.85s
   Error:
..\..\AppData\Local\Programs\Python\Python312\Lib\site-packages\_pytest\fixtures.py:585: in getfixturevalue
    fixturedef = self._get_active_fixturedef(argname)
..\..\AppData\Local\Programs\Python\Python312\Lib\site-packages\_pytest\fixtures.py:607: in _get_active_fixturedef
    self._compute_fixture_value(fixturedef)
..\..\AppData\Local\Programs\Python\Python312\Lib\site-packages\_pytest\fixtures.py:693: in _compute_fixture_value
    fixturedef.execute(request=subrequest)
..\..\AppData\Local\Programs\Python\Python312\Lib\site-packages\_pytest\fixtures.py:1069: in execute
    result = ihook.pytest_fixture_setup(fixturedef=self, request=request)
..\..\AppData\Local\Programs\Python\Python312\Lib\site-packages\pluggy\_hooks.py:512: in __call__
    return self._hookexec(self.name, self._hookimpls.copy(), kwargs, firstresult)
..\..\AppData\Local\Programs\Python\Python312\Lib\site-packages\pluggy\_manager.py:120: in _hookexec
    return self._inner_hookexec(hook_name, methods, kwargs, firstresult)
..\..\AppData\Local\Programs\Python\Python312\Lib\site-packages\pluggy\_callers.py:53: in run_old_style_hookwrapper
    return result.get_result()
..\..\AppData\Local\Programs\Python\Python312\Lib\site-packages\pluggy\_callers.py:38: in run_old_style_hookwrapper
    res = yield
..\..\AppData\Local\Programs\Python\Python312\Lib\site-packages\pluggy\_callers.py:53: in run_old_style_hookwrapper
    return result.get_result()
..\..\AppData\Local\Programs\Python\Python312\Lib\site-packages\pluggy\_callers.py:38: in run_old_style_hookwrapper
    res = yield
..\..\AppData\Local\Programs\Python\Python312\Lib\site-packages\_pytest\fixtures.py:1123: in pytest_fixture_setup
    result = call_fixture_func(fixturefunc, request, kwargs)
..\..\AppData\Local\Programs\Python\Python312\Lib\site-packages\_pytest\fixtures.py:895: in call_fixture_func
    fixture_result = next(generator)
conftest.py:249: in context
    _perform_login(driver)
conftest.py:140: in _perform_login
    if not button_handler.button_clicked:
E   AttributeError: 'ButtonHandler' object has no attribute 'button_clicked'

