================================================================================
TEST EXECUTION REPORT
================================================================================

Start Time: 2025-12-29 10:42:53
End Time: 2025-12-29 10:43:11
Duration: 0:00:18.146822

TOTAL TESTS: 11
PASSED: 0
FAILED: 11
SKIPPED: 0

================================================================================
FAILED TESTS:
================================================================================
1. test_admin_users_can_navigate_to_dedicated_admin_portal_login_page
   File: .venv\Lib\site-packages\pytest_bdd\scenario.py
   Line: 295
   Duration: 1.57s
   Error:
E   AttributeError: 'Context' object has no attribute 'pattern_discovery'

2. test_login_page_displays_email_and_password_fields
   File: .venv\Lib\site-packages\pytest_bdd\scenario.py
   Line: 295
   Duration: 0.18s
   Error:
E   AttributeError: 'Context' object has no attribute 'pattern_discovery'

3. test_forgot_password_link_redirects_to_password_reset_flow
   File: .venv\Lib\site-packages\pytest_bdd\scenario.py
   Line: 295
   Duration: 0.02s
   Error:
E   AttributeError: 'Context' object has no attribute 'pattern_discovery'

4. test_empty_email_field_shows_validation_error
   File: .venv\Lib\site-packages\pytest_bdd\scenario.py
   Line: 295
   Duration: 0.04s
   Error:
E   AttributeError: 'Context' object has no attribute 'pattern_discovery'

5. test_invalid_email_format_shows_validation_error
   File: .venv\Lib\site-packages\pytest_bdd\scenario.py
   Line: 295
   Duration: 0.03s
   Error:
E   AttributeError: 'Context' object has no attribute 'pattern_discovery'

6. test_admin_can_successfully_log_in
   File: .venv\Lib\site-packages\pytest_bdd\scenario.py
   Line: 295
   Duration: 0.03s
   Error:
E   AttributeError: 'Context' object has no attribute 'pattern_discovery'

7. test_admin_lands_on_admin_panel_dashboard__firms_view_by_default
   File: .venv\Lib\site-packages\pytest_bdd\scenario.py
   Line: 295
   Duration: 13.86s
   Error:
E   selenium.common.exceptions.InvalidSessionIdException: Message: invalid session id; For documentation on this error, please visit: https://www.selenium.dev/documentation/webdriver/troubleshooting/errors#invalidsessionidexception
    Stacktrace:
    Symbols not available. Dumping unresolved backtrace:
    	0x7ff6f9ae88e5
    	0x7ff6f9ae8940
    	0x7ff6f98c1465
    	0x7ff6f9909d83
    	0x7ff6f9941ee2
    	0x7ff6f993c500
    	0x7ff6f993b6f0
    	0x7ff6f988b325
    	0x7ff6f9e00640
    	0x7ff6f9dfaf80
    	0x7ff6f9e196e6
    	0x7ff6f9b05de4
    	0x7ff6f9b0ed8c
    	0x7ff6f9889cb8
    	0x7ff6f9f5f008
    	0x7ffdc8107374
    	0x7ffdc8efcc91

8. test_admin_can_access_firms_section_and_view_firms_list
   File: .venv\Lib\site-packages\pytest_bdd\scenario.py
   Line: 295
   Duration: 0.03s
   Error:
E   selenium.common.exceptions.InvalidSessionIdException: Message: invalid session id; For documentation on this error, please visit: https://www.selenium.dev/documentation/webdriver/troubleshooting/errors#invalidsessionidexception
    Stacktrace:
    Symbols not available. Dumping unresolved backtrace:
    	0x7ff6f9ae88e5
    	0x7ff6f9ae8940
    	0x7ff6f98c1465
    	0x7ff6f9909d83
    	0x7ff6f9941ee2
    	0x7ff6f993c500
    	0x7ff6f993b6f0
    	0x7ff6f988b325
    	0x7ff6f9e00640
    	0x7ff6f9dfaf80
    	0x7ff6f9e196e6
    	0x7ff6f9b05de4
    	0x7ff6f9b0ed8c
    	0x7ff6f9889cb8
    	0x7ff6f9f5f008
    	0x7ffdc8107374
    	0x7ffdc8efcc91

9. test_admin_can_access_users_section_and_view_users_list_readonly
   File: .venv\Lib\site-packages\pytest_bdd\scenario.py
   Line: 295
   Duration: 0.03s
   Error:
E   selenium.common.exceptions.InvalidSessionIdException: Message: invalid session id; For documentation on this error, please visit: https://www.selenium.dev/documentation/webdriver/troubleshooting/errors#invalidsessionidexception
    Stacktrace:
    Symbols not available. Dumping unresolved backtrace:
    	0x7ff6f9ae88e5
    	0x7ff6f9ae8940
    	0x7ff6f98c1465
    	0x7ff6f9909d83
    	0x7ff6f9941ee2
    	0x7ff6f993c500
    	0x7ff6f993b6f0
    	0x7ff6f988b325
    	0x7ff6f9e00640
    	0x7ff6f9dfaf80
    	0x7ff6f9e196e6
    	0x7ff6f9b05de4
    	0x7ff6f9b0ed8c
    	0x7ff6f9889cb8
    	0x7ff6f9f5f008
    	0x7ffdc8107374
    	0x7ffdc8efcc91

10. test_firms_list_displays_all_required_columns
   File: .venv\Lib\site-packages\pytest_bdd\scenario.py
   Line: 295
   Duration: 0.04s
   Error:
E   selenium.common.exceptions.InvalidSessionIdException: Message: invalid session id; For documentation on this error, please visit: https://www.selenium.dev/documentation/webdriver/troubleshooting/errors#invalidsessionidexception
    Stacktrace:
    Symbols not available. Dumping unresolved backtrace:
    	0x7ff6f9ae88e5
    	0x7ff6f9ae8940
    	0x7ff6f98c1465
    	0x7ff6f9909d83
    	0x7ff6f9941ee2
    	0x7ff6f993c500
    	0x7ff6f993b6f0
    	0x7ff6f988b325
    	0x7ff6f9e00640
    	0x7ff6f9dfaf80
    	0x7ff6f9e196e6
    	0x7ff6f9b05de4
    	0x7ff6f9b0ed8c
    	0x7ff6f9889cb8
    	0x7ff6f9f5f008
    	0x7ffdc8107374
    	0x7ffdc8efcc91

11. test_admin_can_create_a_new_firm_with_owner
   File: .venv\Lib\site-packages\pytest_bdd\scenario.py
   Line: 295
   Duration: 0.03s
   Error:
E   selenium.common.exceptions.InvalidSessionIdException: Message: invalid session id; For documentation on this error, please visit: https://www.selenium.dev/documentation/webdriver/troubleshooting/errors#invalidsessionidexception
    Stacktrace:
    Symbols not available. Dumping unresolved backtrace:
    	0x7ff6f9ae88e5
    	0x7ff6f9ae8940
    	0x7ff6f98c1465
    	0x7ff6f9909d83
    	0x7ff6f9941ee2
    	0x7ff6f993c500
    	0x7ff6f993b6f0
    	0x7ff6f988b325
    	0x7ff6f9e00640
    	0x7ff6f9dfaf80
    	0x7ff6f9e196e6
    	0x7ff6f9b05de4
    	0x7ff6f9b0ed8c
    	0x7ff6f9889cb8
    	0x7ff6f9f5f008
    	0x7ffdc8107374
    	0x7ffdc8efcc91

