================================================================================
TEST EXECUTION REPORT
================================================================================

Start Time: 2025-12-15 15:33:00
End Time: 2025-12-15 15:35:50
Duration: 0:02:50.595354

TOTAL TESTS: 7
PASSED: 6
FAILED: 1
SKIPPED: 0

================================================================================
PASSED TESTS:
================================================================================
1. test_admin_users_can_navigate_to_dedicated_admin_portal_login_page
   File: .venv\Lib\site-packages\pytest_bdd\scenario.py
   Line: 295
   Duration: 39.27s

2. test_login_page_displays_email_and_password_fields
   File: .venv\Lib\site-packages\pytest_bdd\scenario.py
   Line: 295
   Duration: 40.38s

3. test_forgot_password_link_redirects_to_password_reset_flow
   File: .venv\Lib\site-packages\pytest_bdd\scenario.py
   Line: 295
   Duration: 2.41s

4. test_admin_lands_on_admin_panel_dashboard__firms_view_by_default
   File: .venv\Lib\site-packages\pytest_bdd\scenario.py
   Line: 295
   Duration: 58.13s

5. test_admin_can_access_firms_section_and_view_firms_list
   File: .venv\Lib\site-packages\pytest_bdd\scenario.py
   Line: 295
   Duration: 13.54s

6. test_admin_can_access_users_section_and_view_users_list_readonly
   File: .venv\Lib\site-packages\pytest_bdd\scenario.py
   Line: 295
   Duration: 13.45s

================================================================================
FAILED TESTS:
================================================================================
1. test_firms_list_displays_all_required_columns
   File: .venv\Lib\site-packages\pytest_bdd\scenario.py
   Line: 295
   Duration: 0.91s
   Error:
E   pytest_bdd.exceptions.StepDefinitionNotFoundError: Step definition is not found: Then "I should see a table with the following columns:". Line 65 in scenario "Firms list displays all required columns" in the feature "C:\Users\wishma.khurram\work\Ant Design\features\maven_automation.feature"
All traceback entries are hidden. Pass `--full-trace` to see hidden and internal frames.

